\BOOKMARK [0][]{chapter.1}{\376\377\0001\000\040\136\217}{}% 1
\BOOKMARK [1][]{section.1.1}{\376\377\0001\000.\0001\000\040\173\200\116\313}{chapter.1}% 2
\BOOKMARK [2][]{subsection.1.1.1}{\376\377\0001\000.\0001\000.\0001\000\040\173\046\123\367\176\246\133\232}{section.1.1}% 3
\BOOKMARK [0][]{chapter.2}{\376\377\0002\000\040\230\204\131\007\167\345\213\306}{}% 4
\BOOKMARK [1][]{section.2.1}{\376\377\0002\000.\0001\000\040\226\306\124\010\116\016\220\073\217\221\173\046\123\367}{chapter.2}% 5
\BOOKMARK [2][]{subsection.2.1.1}{\376\377\0002\000.\0001\000.\0001\000\040\226\306\124\010}{section.2.1}% 6
\BOOKMARK [2][]{subsection.2.1.2}{\376\377\0002\000.\0001\000.\0002\000\040\220\073\217\221\173\046\123\367}{section.2.1}% 7
\BOOKMARK [1][]{section.2.2}{\376\377\0002\000.\0002\000\040\121\375\145\160\116\016\146\040\134\004}{chapter.2}% 8
\BOOKMARK [2][]{subsection.2.2.1}{\376\377\0002\000.\0002\000.\0001\000\040\127\372\170\100\133\232\116\111}{section.2.2}% 9
\BOOKMARK [2][]{subsection.2.2.2}{\376\377\0002\000.\0002\000.\0002\000\040\121\375\145\160\166\204\147\011\165\114\140\047}{section.2.2}% 10
\BOOKMARK [2][]{subsection.2.2.3}{\376\377\0002\000.\0002\000.\0003\000\040\121\375\145\160\166\204\131\107\120\166\140\047}{section.2.2}% 11
\BOOKMARK [2][]{subsection.2.2.4}{\376\377\0002\000.\0002\000.\0004\000\040\121\375\145\160\166\204\123\125\214\003\140\047}{section.2.2}% 12
\BOOKMARK [2][]{subsection.2.2.5}{\376\377\0002\000.\0002\000.\0005\000\040\121\375\145\160\166\204\124\150\147\037\140\047}{section.2.2}% 13
\BOOKMARK [1][]{section*.2}{\376\377\176\303\116\140}{chapter.2}% 14
\BOOKMARK [0][]{chapter.3}{\376\377\0003\000\040\145\160\122\027\147\201\226\120}{}% 15
\BOOKMARK [1][]{section.3.1}{\376\377\0003\000.\0001\000\040\145\160\122\027}{chapter.3}% 16
\BOOKMARK [1][]{section.3.2}{\376\377\0003\000.\0002\000\040\145\160\122\027\147\201\226\120\121\145\225\350}{chapter.3}% 17
\BOOKMARK [2][]{subsection.3.2.1}{\376\377\0003\000.\0002\000.\0001\000\040\143\317\217\360\140\047\133\232\116\111}{section.3.2}% 18
\BOOKMARK [2][]{subsection.3.2.2}{\376\377\0003\000.\0002\000.\0002\000\040\146\364\122\240\116\045\150\074\166\204\133\232\116\111}{section.3.2}% 19
\BOOKMARK [2][]{subsection.3.2.3}{\376\377\0003\000.\0002\000.\0003\000\040\145\160\122\027\147\201\226\120\166\204\213\301\146\016}{section.3.2}% 20
\BOOKMARK [1][]{section.3.3}{\376\377\0003\000.\0003\000\040\116\012\116\013\147\201\226\120}{chapter.3}% 21
\BOOKMARK [1][]{section*.3}{\376\377\176\303\116\140}{chapter.3}% 22
\BOOKMARK [0][]{chapter.4}{\376\377\0004\000\040\145\160\122\027\147\201\226\120\221\315\226\276\160\271}{}% 23
\BOOKMARK [1][]{section.4.1}{\376\377\0004\000.\0001\000\040\221\315\211\201\136\070\145\160}{chapter.4}% 24
\BOOKMARK [1][]{section.4.2}{\376\377\0004\000.\0002\000\040\136\070\165\050\116\015\173\111\137\017}{chapter.4}% 25
\BOOKMARK [1][]{section.4.3}{\376\377\0004\000.\0003\000\040\133\241\145\133\116\016\213\241\173\227}{chapter.4}% 26
\BOOKMARK [2][]{subsection.4.3.1}{\376\377\0004\000.\0003\000.\0001\000\040\131\071\220\074\133\232\164\006}{section.4.3}% 27
\BOOKMARK [2][]{subsection.4.3.2}{\376\377\0004\000.\0003\000.\0002\000\040\000C\000a\000u\000c\000h\000y\000\040\145\066\145\133\123\237\164\006}{section.4.3}% 28
\BOOKMARK [1][]{section.4.4}{\376\377\0004\000.\0004\000\040\136\070\165\050\124\175\230\230\060\001\145\271\154\325}{chapter.4}% 29
\BOOKMARK [1][]{section*.4}{\376\377\176\303\116\140}{chapter.4}% 30
\BOOKMARK [0][]{chapter.5}{\376\377\0005\000\040\116\140\230\230\211\343\173\124}{}% 31
\BOOKMARK [1][]{section.5.1}{\376\377\0005\000.\0001\000\040\230\204\131\007\167\345\213\306\166\370\121\163\116\140\230\230\211\343\173\124}{chapter.5}% 32
\BOOKMARK [2][]{subsection.5.1.1}{\376\377\0005\000.\0001\000.\0001\000\040\173\054\116\214\172\340\116\140\230\230\211\343\173\124}{section.5.1}% 33
\BOOKMARK [1][]{section.5.2}{\376\377\0005\000.\0002\000\040\147\201\226\120\166\370\121\163\116\140\230\230\211\343\173\124}{chapter.5}% 34
\BOOKMARK [2][]{subsection.5.2.1}{\376\377\0005\000.\0002\000.\0001\000\040\173\054\116\011\172\340\116\140\230\230\211\343\173\124}{section.5.2}% 35
\BOOKMARK [2][]{subsection.5.2.2}{\376\377\0005\000.\0002\000.\0002\000\040\173\054\126\333\172\340\116\140\230\230\211\343\173\124}{section.5.2}% 36
\BOOKMARK [0][]{appendix.A}{\376\377\000A\000\040\162\110\147\054\146\364\145\260\123\206\123\362}{}% 37
